2022-01-19 11:18:44 [background-preinit] INFO  o.h.validator.internal.util.Version - HV000001: Hibernate Validator 6.2.0.Final
2022-01-19 11:18:44 [main] INFO  c.m.demo.config.server.ConfigServer - Starting ConfigServer using Java 17.0.1 on Justices-Spectre with PID 11836 (C:\learn\frameworks\spring\microservices-course-1\microservices-demo\config-server\target\classes started by justi in C:\learn\frameworks\spring\microservices-course-1\microservices-demo)
2022-01-19 11:18:44 [main] INFO  c.m.demo.config.server.ConfigServer - The following profiles are active: native
2022-01-19 11:18:45 [main] INFO  o.s.cloud.context.scope.GenericScope - BeanFactory id=68d4adab-16e4-368f-ace7-fb3eef57253d
2022-01-19 11:18:45 [main] INFO  o.s.b.w.e.tomcat.TomcatWebServer - Tomcat initialized with port(s): 8888 (http)
2022-01-19 11:18:45 [main] INFO  o.a.coyote.http11.Http11NioProtocol - Initializing ProtocolHandler ["http-nio-8888"]
2022-01-19 11:18:45 [main] INFO  o.a.catalina.core.StandardService - Starting service [Tomcat]
2022-01-19 11:18:45 [main] INFO  o.a.catalina.core.StandardEngine - Starting Servlet engine: [Apache Tomcat/9.0.56]
2022-01-19 11:18:45 [main] INFO  o.a.c.c.C.[Tomcat].[localhost].[/] - Initializing Spring embedded WebApplicationContext
2022-01-19 11:18:45 [main] INFO  o.s.b.w.s.c.ServletWebServerApplicationContext - Root WebApplicationContext: initialization completed in 743 ms
2022-01-19 11:18:46 [main] INFO  o.a.coyote.http11.Http11NioProtocol - Starting ProtocolHandler ["http-nio-8888"]
2022-01-19 11:18:46 [main] INFO  o.s.b.w.e.tomcat.TomcatWebServer - Tomcat started on port(s): 8888 (http) with context path ''
2022-01-19 11:18:46 [main] INFO  c.m.demo.config.server.ConfigServer - Started ConfigServer in 1.772 seconds (JVM running for 2.604)
2022-01-19 11:18:52 [http-nio-8888-exec-1] INFO  o.a.c.c.C.[Tomcat].[localhost].[/] - Initializing Spring DispatcherServlet 'dispatcherServlet'
2022-01-19 11:18:52 [http-nio-8888-exec-1] INFO  o.s.web.servlet.DispatcherServlet - Initializing Servlet 'dispatcherServlet'
2022-01-19 11:18:52 [http-nio-8888-exec-1] INFO  o.s.web.servlet.DispatcherServlet - Completed initialization in 1 ms
2022-01-19 11:26:30 [background-preinit] INFO  o.h.validator.internal.util.Version - HV000001: Hibernate Validator 6.2.0.Final
2022-01-19 11:26:30 [main] INFO  c.m.demo.config.server.ConfigServer - Starting ConfigServer using Java 17.0.1 on Justices-Spectre with PID 9264 (C:\learn\frameworks\spring\microservices-course-1\microservices-demo\config-server\target\classes started by justi in C:\learn\frameworks\spring\microservices-course-1\microservices-demo)
2022-01-19 11:26:30 [main] INFO  c.m.demo.config.server.ConfigServer - No active profile set, falling back to default profiles: default
2022-01-19 11:26:30 [main] INFO  o.s.cloud.context.scope.GenericScope - BeanFactory id=2ad381e6-819b-36eb-8874-8de59bd4fcb9
2022-01-19 11:26:31 [main] INFO  o.s.b.w.e.tomcat.TomcatWebServer - Tomcat initialized with port(s): 8888 (http)
2022-01-19 11:26:31 [main] INFO  o.a.coyote.http11.Http11NioProtocol - Initializing ProtocolHandler ["http-nio-8888"]
2022-01-19 11:26:31 [main] INFO  o.a.catalina.core.StandardService - Starting service [Tomcat]
2022-01-19 11:26:31 [main] INFO  o.a.catalina.core.StandardEngine - Starting Servlet engine: [Apache Tomcat/9.0.56]
2022-01-19 11:26:31 [main] INFO  o.a.c.c.C.[Tomcat].[localhost].[/] - Initializing Spring embedded WebApplicationContext
2022-01-19 11:26:31 [main] INFO  o.s.b.w.s.c.ServletWebServerApplicationContext - Root WebApplicationContext: initialization completed in 675 ms
2022-01-19 11:26:31 [main] WARN  o.s.b.w.s.c.AnnotationConfigServletWebServerApplicationContext - Exception encountered during context initialization - cancelling refresh attempt: org.springframework.beans.factory.BeanCreationException: Error creating bean with name 'defaultEnvironmentRepository' defined in class path resource [org/springframework/cloud/config/server/config/DefaultRepositoryConfiguration.class]: Invocation of init method failed; nested exception is java.lang.IllegalStateException: You need to configure a uri for the git repository.
2022-01-19 11:26:31 [main] INFO  o.a.catalina.core.StandardService - Stopping service [Tomcat]
2022-01-19 11:26:31 [main] INFO  o.s.b.a.l.ConditionEvaluationReportLoggingListener - 

Error starting ApplicationContext. To display the conditions report re-run your application with 'debug' enabled.
2022-01-19 11:26:31 [main] ERROR o.s.b.d.LoggingFailureAnalysisReporter - 

***************************
APPLICATION FAILED TO START
***************************

Description:

Invalid config server configuration.

Action:

If you are using the git profile, you need to set a Git URI in your configuration.  If you have set spring.cloud.config.server.bootstrap=true, you need to use a composite configuration.

2022-01-19 11:36:17 [background-preinit] INFO  o.h.validator.internal.util.Version - HV000001: Hibernate Validator 6.2.0.Final
2022-01-19 11:36:17 [main] INFO  c.m.demo.config.server.ConfigServer - Starting ConfigServer using Java 17.0.1 on Justices-Spectre with PID 4244 (C:\learn\frameworks\spring\microservices-course-1\microservices-demo\config-server\target\classes started by justi in C:\learn\frameworks\spring\microservices-course-1\microservices-demo)
2022-01-19 11:36:17 [main] INFO  c.m.demo.config.server.ConfigServer - The following profiles are active: native
2022-01-19 11:36:17 [main] INFO  o.s.cloud.context.scope.GenericScope - BeanFactory id=68d4adab-16e4-368f-ace7-fb3eef57253d
2022-01-19 11:36:17 [main] INFO  o.s.b.w.e.tomcat.TomcatWebServer - Tomcat initialized with port(s): 8888 (http)
2022-01-19 11:36:17 [main] INFO  o.a.coyote.http11.Http11NioProtocol - Initializing ProtocolHandler ["http-nio-8888"]
2022-01-19 11:36:17 [main] INFO  o.a.catalina.core.StandardService - Starting service [Tomcat]
2022-01-19 11:36:17 [main] INFO  o.a.catalina.core.StandardEngine - Starting Servlet engine: [Apache Tomcat/9.0.56]
2022-01-19 11:36:18 [main] INFO  o.a.c.c.C.[Tomcat].[localhost].[/] - Initializing Spring embedded WebApplicationContext
2022-01-19 11:36:18 [main] INFO  o.s.b.w.s.c.ServletWebServerApplicationContext - Root WebApplicationContext: initialization completed in 728 ms
2022-01-19 11:36:18 [main] INFO  o.a.coyote.http11.Http11NioProtocol - Starting ProtocolHandler ["http-nio-8888"]
2022-01-19 11:36:18 [main] INFO  o.s.b.w.e.tomcat.TomcatWebServer - Tomcat started on port(s): 8888 (http) with context path ''
2022-01-19 11:36:18 [main] INFO  c.m.demo.config.server.ConfigServer - Started ConfigServer in 1.83 seconds (JVM running for 2.46)
2022-01-19 11:36:20 [http-nio-8888-exec-1] INFO  o.a.c.c.C.[Tomcat].[localhost].[/] - Initializing Spring DispatcherServlet 'dispatcherServlet'
2022-01-19 11:36:20 [http-nio-8888-exec-1] INFO  o.s.web.servlet.DispatcherServlet - Initializing Servlet 'dispatcherServlet'
2022-01-19 11:36:20 [http-nio-8888-exec-1] INFO  o.s.web.servlet.DispatcherServlet - Completed initialization in 1 ms
2022-01-19 11:38:24 [RMI TCP Accept-0] WARN  sun.rmi.transport.tcp - RMI TCP Accept-0: accept loop for ServerSocket[addr=0.0.0.0/0.0.0.0,localport=57629] throws
java.io.IOException: The server sockets created using the LocalRMIServerSocketFactory only accept connections from clients running on the host where the RMI remote objects have been exported.
	at jdk.management.agent/sun.management.jmxremote.LocalRMIServerSocketFactory$1.accept(LocalRMIServerSocketFactory.java:114)
	at java.rmi/sun.rmi.transport.tcp.TCPTransport$AcceptLoop.executeAcceptLoop(TCPTransport.java:413)
	at java.rmi/sun.rmi.transport.tcp.TCPTransport$AcceptLoop.run(TCPTransport.java:377)
	at java.base/java.lang.Thread.run(Thread.java:833)
2022-01-19 11:46:15 [background-preinit] INFO  o.h.validator.internal.util.Version - HV000001: Hibernate Validator 6.2.0.Final
2022-01-19 11:46:15 [main] INFO  c.m.demo.config.server.ConfigServer - Starting ConfigServer using Java 17.0.1 on Justices-Spectre with PID 6948 (C:\learn\frameworks\spring\microservices-course-1\microservices-demo\config-server\target\classes started by justi in C:\learn\frameworks\spring\microservices-course-1\microservices-demo)
2022-01-19 11:46:15 [main] INFO  c.m.demo.config.server.ConfigServer - The following profiles are active: config-client
2022-01-19 11:46:16 [main] INFO  o.s.cloud.context.scope.GenericScope - BeanFactory id=2ad381e6-819b-36eb-8874-8de59bd4fcb9
2022-01-19 11:46:16 [main] INFO  o.s.b.w.e.tomcat.TomcatWebServer - Tomcat initialized with port(s): 8888 (http)
2022-01-19 11:46:16 [main] INFO  o.a.coyote.http11.Http11NioProtocol - Initializing ProtocolHandler ["http-nio-8888"]
2022-01-19 11:46:16 [main] INFO  o.a.catalina.core.StandardService - Starting service [Tomcat]
2022-01-19 11:46:16 [main] INFO  o.a.catalina.core.StandardEngine - Starting Servlet engine: [Apache Tomcat/9.0.56]
2022-01-19 11:46:16 [main] INFO  o.a.c.c.C.[Tomcat].[localhost].[/] - Initializing Spring embedded WebApplicationContext
2022-01-19 11:46:16 [main] INFO  o.s.b.w.s.c.ServletWebServerApplicationContext - Root WebApplicationContext: initialization completed in 697 ms
2022-01-19 11:46:16 [main] WARN  o.s.b.w.s.c.AnnotationConfigServletWebServerApplicationContext - Exception encountered during context initialization - cancelling refresh attempt: org.springframework.beans.factory.BeanCreationException: Error creating bean with name 'defaultEnvironmentRepository' defined in class path resource [org/springframework/cloud/config/server/config/DefaultRepositoryConfiguration.class]: Invocation of init method failed; nested exception is java.lang.IllegalStateException: You need to configure a uri for the git repository.
2022-01-19 11:46:16 [main] INFO  o.a.catalina.core.StandardService - Stopping service [Tomcat]
2022-01-19 11:46:16 [main] INFO  o.s.b.a.l.ConditionEvaluationReportLoggingListener - 

Error starting ApplicationContext. To display the conditions report re-run your application with 'debug' enabled.
2022-01-19 11:46:16 [main] ERROR o.s.b.d.LoggingFailureAnalysisReporter - 

***************************
APPLICATION FAILED TO START
***************************

Description:

Invalid config server configuration.

Action:

If you are using the git profile, you need to set a Git URI in your configuration.  If you have set spring.cloud.config.server.bootstrap=true, you need to use a composite configuration.

2022-01-19 11:46:38 [background-preinit] INFO  o.h.validator.internal.util.Version - HV000001: Hibernate Validator 6.2.0.Final
2022-01-19 11:46:38 [main] INFO  c.m.demo.config.server.ConfigServer - Starting ConfigServer using Java 17.0.1 on Justices-Spectre with PID 18464 (C:\learn\frameworks\spring\microservices-course-1\microservices-demo\config-server\target\classes started by justi in C:\learn\frameworks\spring\microservices-course-1\microservices-demo)
2022-01-19 11:46:38 [main] INFO  c.m.demo.config.server.ConfigServer - The following profiles are active: native
2022-01-19 11:46:39 [main] INFO  o.s.cloud.context.scope.GenericScope - BeanFactory id=68d4adab-16e4-368f-ace7-fb3eef57253d
2022-01-19 11:46:39 [main] INFO  o.s.b.w.e.tomcat.TomcatWebServer - Tomcat initialized with port(s): 8888 (http)
2022-01-19 11:46:39 [main] INFO  o.a.coyote.http11.Http11NioProtocol - Initializing ProtocolHandler ["http-nio-8888"]
2022-01-19 11:46:39 [main] INFO  o.a.catalina.core.StandardService - Starting service [Tomcat]
2022-01-19 11:46:39 [main] INFO  o.a.catalina.core.StandardEngine - Starting Servlet engine: [Apache Tomcat/9.0.56]
2022-01-19 11:46:39 [main] INFO  o.a.c.c.C.[Tomcat].[localhost].[/] - Initializing Spring embedded WebApplicationContext
2022-01-19 11:46:39 [main] INFO  o.s.b.w.s.c.ServletWebServerApplicationContext - Root WebApplicationContext: initialization completed in 714 ms
2022-01-19 11:46:39 [main] INFO  o.a.coyote.http11.Http11NioProtocol - Starting ProtocolHandler ["http-nio-8888"]
2022-01-19 11:46:39 [main] INFO  o.s.b.w.e.tomcat.TomcatWebServer - Tomcat started on port(s): 8888 (http) with context path ''
2022-01-19 11:46:39 [main] INFO  c.m.demo.config.server.ConfigServer - Started ConfigServer in 1.731 seconds (JVM running for 2.35)
2022-01-19 11:51:27 [background-preinit] INFO  o.h.validator.internal.util.Version - HV000001: Hibernate Validator 6.2.0.Final
2022-01-19 11:51:27 [main] INFO  c.m.demo.config.server.ConfigServer - Starting ConfigServer using Java 17.0.1 on Justices-Spectre with PID 4368 (C:\learn\frameworks\spring\microservices-course-1\microservices-demo\config-server\target\classes started by justi in C:\learn\frameworks\spring\microservices-course-1\microservices-demo)
2022-01-19 11:51:27 [main] INFO  c.m.demo.config.server.ConfigServer - The following profiles are active: native
2022-01-19 11:51:28 [main] INFO  o.s.cloud.context.scope.GenericScope - BeanFactory id=68d4adab-16e4-368f-ace7-fb3eef57253d
2022-01-19 11:51:28 [main] INFO  o.s.b.w.e.tomcat.TomcatWebServer - Tomcat initialized with port(s): 8888 (http)
2022-01-19 11:51:28 [main] INFO  o.a.coyote.http11.Http11NioProtocol - Initializing ProtocolHandler ["http-nio-8888"]
2022-01-19 11:51:28 [main] INFO  o.a.catalina.core.StandardService - Starting service [Tomcat]
2022-01-19 11:51:28 [main] INFO  o.a.catalina.core.StandardEngine - Starting Servlet engine: [Apache Tomcat/9.0.56]
2022-01-19 11:51:28 [main] INFO  o.a.c.c.C.[Tomcat].[localhost].[/] - Initializing Spring embedded WebApplicationContext
2022-01-19 11:51:28 [main] INFO  o.s.b.w.s.c.ServletWebServerApplicationContext - Root WebApplicationContext: initialization completed in 701 ms
2022-01-19 11:51:28 [main] INFO  o.a.coyote.http11.Http11NioProtocol - Starting ProtocolHandler ["http-nio-8888"]
2022-01-19 11:51:28 [main] INFO  o.s.b.w.e.tomcat.TomcatWebServer - Tomcat started on port(s): 8888 (http) with context path ''
2022-01-19 11:51:29 [main] INFO  c.m.demo.config.server.ConfigServer - Started ConfigServer in 1.717 seconds (JVM running for 2.274)
2022-01-19 11:51:53 [http-nio-8888-exec-1] INFO  o.a.c.c.C.[Tomcat].[localhost].[/] - Initializing Spring DispatcherServlet 'dispatcherServlet'
2022-01-19 11:51:53 [http-nio-8888-exec-1] INFO  o.s.web.servlet.DispatcherServlet - Initializing Servlet 'dispatcherServlet'
2022-01-19 11:51:53 [http-nio-8888-exec-1] INFO  o.s.web.servlet.DispatcherServlet - Completed initialization in 0 ms
2022-01-19 11:53:39 [background-preinit] INFO  o.h.validator.internal.util.Version - HV000001: Hibernate Validator 6.2.0.Final
2022-01-19 11:53:39 [main] INFO  c.m.demo.config.server.ConfigServer - Starting ConfigServer using Java 17.0.1 on Justices-Spectre with PID 11892 (C:\learn\frameworks\spring\microservices-course-1\microservices-demo\config-server\target\classes started by justi in C:\learn\frameworks\spring\microservices-course-1\microservices-demo)
2022-01-19 11:53:39 [main] INFO  c.m.demo.config.server.ConfigServer - The following profiles are active: native
2022-01-19 11:53:40 [main] INFO  o.s.cloud.context.scope.GenericScope - BeanFactory id=68d4adab-16e4-368f-ace7-fb3eef57253d
2022-01-19 11:53:40 [main] INFO  o.s.b.w.e.tomcat.TomcatWebServer - Tomcat initialized with port(s): 8888 (http)
2022-01-19 11:53:40 [main] INFO  o.a.coyote.http11.Http11NioProtocol - Initializing ProtocolHandler ["http-nio-8888"]
2022-01-19 11:53:40 [main] INFO  o.a.catalina.core.StandardService - Starting service [Tomcat]
2022-01-19 11:53:40 [main] INFO  o.a.catalina.core.StandardEngine - Starting Servlet engine: [Apache Tomcat/9.0.56]
2022-01-19 11:53:40 [main] INFO  o.a.c.c.C.[Tomcat].[localhost].[/] - Initializing Spring embedded WebApplicationContext
2022-01-19 11:53:40 [main] INFO  o.s.b.w.s.c.ServletWebServerApplicationContext - Root WebApplicationContext: initialization completed in 698 ms
2022-01-19 11:53:41 [main] INFO  o.a.coyote.http11.Http11NioProtocol - Starting ProtocolHandler ["http-nio-8888"]
2022-01-19 11:53:41 [main] INFO  o.s.b.w.e.tomcat.TomcatWebServer - Tomcat started on port(s): 8888 (http) with context path ''
2022-01-19 11:53:41 [main] INFO  c.m.demo.config.server.ConfigServer - Started ConfigServer in 1.796 seconds (JVM running for 2.467)
2022-01-19 11:53:47 [http-nio-8888-exec-1] INFO  o.a.c.c.C.[Tomcat].[localhost].[/] - Initializing Spring DispatcherServlet 'dispatcherServlet'
2022-01-19 11:53:47 [http-nio-8888-exec-1] INFO  o.s.web.servlet.DispatcherServlet - Initializing Servlet 'dispatcherServlet'
2022-01-19 11:53:47 [http-nio-8888-exec-1] INFO  o.s.web.servlet.DispatcherServlet - Completed initialization in 0 ms
2022-01-19 11:54:39 [background-preinit] INFO  o.h.validator.internal.util.Version - HV000001: Hibernate Validator 6.2.0.Final
2022-01-19 11:54:39 [main] INFO  c.m.demo.config.server.ConfigServer - Starting ConfigServer using Java 17.0.1 on Justices-Spectre with PID 10260 (C:\learn\frameworks\spring\microservices-course-1\microservices-demo\config-server\target\classes started by justi in C:\learn\frameworks\spring\microservices-course-1\microservices-demo)
2022-01-19 11:54:39 [main] INFO  c.m.demo.config.server.ConfigServer - The following profiles are active: native
2022-01-19 11:54:40 [main] INFO  o.s.cloud.context.scope.GenericScope - BeanFactory id=68d4adab-16e4-368f-ace7-fb3eef57253d
2022-01-19 11:54:40 [main] INFO  o.s.b.w.e.tomcat.TomcatWebServer - Tomcat initialized with port(s): 8888 (http)
2022-01-19 11:54:40 [main] INFO  o.a.coyote.http11.Http11NioProtocol - Initializing ProtocolHandler ["http-nio-8888"]
2022-01-19 11:54:40 [main] INFO  o.a.catalina.core.StandardService - Starting service [Tomcat]
2022-01-19 11:54:40 [main] INFO  o.a.catalina.core.StandardEngine - Starting Servlet engine: [Apache Tomcat/9.0.56]
2022-01-19 11:54:40 [main] INFO  o.a.c.c.C.[Tomcat].[localhost].[/] - Initializing Spring embedded WebApplicationContext
2022-01-19 11:54:40 [main] INFO  o.s.b.w.s.c.ServletWebServerApplicationContext - Root WebApplicationContext: initialization completed in 725 ms
2022-01-19 11:54:40 [main] INFO  o.a.coyote.http11.Http11NioProtocol - Starting ProtocolHandler ["http-nio-8888"]
2022-01-19 11:54:40 [main] INFO  o.s.b.w.e.tomcat.TomcatWebServer - Tomcat started on port(s): 8888 (http) with context path ''
2022-01-19 11:54:41 [main] INFO  c.m.demo.config.server.ConfigServer - Started ConfigServer in 1.838 seconds (JVM running for 2.423)
2022-01-19 11:54:46 [http-nio-8888-exec-1] INFO  o.a.c.c.C.[Tomcat].[localhost].[/] - Initializing Spring DispatcherServlet 'dispatcherServlet'
2022-01-19 11:54:46 [http-nio-8888-exec-1] INFO  o.s.web.servlet.DispatcherServlet - Initializing Servlet 'dispatcherServlet'
2022-01-19 11:54:46 [http-nio-8888-exec-1] INFO  o.s.web.servlet.DispatcherServlet - Completed initialization in 0 ms
2022-01-19 11:54:46 [http-nio-8888-exec-1] INFO  o.s.c.c.s.e.NativeEnvironmentRepository - Adding property source: Config resource 'class path resource [twitter-to-kafka-service.yml]' via location 'optional:classpath:/'
2022-01-19 11:57:29 [http-nio-8888-exec-4] INFO  o.s.c.c.s.e.NativeEnvironmentRepository - Adding property source: Config resource 'class path resource [twitter-to-kafka-service.yml]' via location 'optional:classpath:/'
2022-01-19 11:57:37 [http-nio-8888-exec-5] INFO  o.s.c.c.s.e.NativeEnvironmentRepository - Adding property source: Config resource 'class path resource [twitter-to-kafka-service.yml]' via location 'optional:classpath:/'
2022-01-19 11:57:41 [http-nio-8888-exec-6] INFO  o.s.c.c.s.e.NativeEnvironmentRepository - Adding property source: Config resource 'class path resource [twitter-to-kafka-service.yml]' via location 'optional:classpath:/'
2022-01-19 11:58:04 [http-nio-8888-exec-8] INFO  o.s.c.c.s.e.NativeEnvironmentRepository - Adding property source: Config resource 'class path resource [twitter-to-kafka-service.yml]' via location 'optional:classpath:/'
2022-01-19 12:13:13 [http-nio-8888-exec-4] INFO  o.s.c.c.s.e.NativeEnvironmentRepository - Adding property source: Config resource 'class path resource [twitter-to-kafka-service.yml]' via location 'optional:classpath:/'
2022-01-19 12:15:44 [http-nio-8888-exec-7] INFO  o.s.c.c.s.e.NativeEnvironmentRepository - Adding property source: Config resource 'class path resource [twitter-to-kafka-service.yml]' via location 'optional:classpath:/'
2022-01-19 12:18:13 [http-nio-8888-exec-9] INFO  o.s.c.c.s.e.NativeEnvironmentRepository - Adding property source: Config resource 'class path resource [twitter-to-kafka-service.yml]' via location 'optional:classpath:/'
2022-01-19 12:19:44 [http-nio-8888-exec-1] INFO  o.s.c.c.s.e.NativeEnvironmentRepository - Adding property source: Config resource 'class path resource [twitter-to-kafka-service.yml]' via location 'optional:classpath:/'
2022-01-19 12:20:54 [http-nio-8888-exec-3] INFO  o.s.c.c.s.e.NativeEnvironmentRepository - Adding property source: Config resource 'class path resource [twitter-to-kafka-service.yml]' via location 'optional:classpath:/'
2022-01-19 12:21:32 [background-preinit] INFO  o.h.validator.internal.util.Version - HV000001: Hibernate Validator 6.2.0.Final
2022-01-19 12:21:32 [main] INFO  c.m.demo.config.server.ConfigServer - Starting ConfigServer using Java 17.0.1 on Justices-Spectre with PID 11468 (C:\learn\frameworks\spring\microservices-course-1\microservices-demo\config-server\target\classes started by justi in C:\learn\frameworks\spring\microservices-course-1\microservices-demo)
2022-01-19 12:21:32 [main] INFO  c.m.demo.config.server.ConfigServer - The following profiles are active: native
2022-01-19 12:21:33 [main] INFO  o.s.cloud.context.scope.GenericScope - BeanFactory id=68d4adab-16e4-368f-ace7-fb3eef57253d
2022-01-19 12:21:33 [main] INFO  o.s.b.w.e.tomcat.TomcatWebServer - Tomcat initialized with port(s): 8888 (http)
2022-01-19 12:21:33 [main] INFO  o.a.coyote.http11.Http11NioProtocol - Initializing ProtocolHandler ["http-nio-8888"]
2022-01-19 12:21:33 [main] INFO  o.a.catalina.core.StandardService - Starting service [Tomcat]
2022-01-19 12:21:33 [main] INFO  o.a.catalina.core.StandardEngine - Starting Servlet engine: [Apache Tomcat/9.0.56]
2022-01-19 12:21:33 [main] INFO  o.a.c.c.C.[Tomcat].[localhost].[/] - Initializing Spring embedded WebApplicationContext
2022-01-19 12:21:33 [main] INFO  o.s.b.w.s.c.ServletWebServerApplicationContext - Root WebApplicationContext: initialization completed in 771 ms
2022-01-19 12:21:34 [main] INFO  o.a.coyote.http11.Http11NioProtocol - Starting ProtocolHandler ["http-nio-8888"]
2022-01-19 12:21:34 [main] INFO  o.s.b.w.e.tomcat.TomcatWebServer - Tomcat started on port(s): 8888 (http) with context path ''
2022-01-19 12:21:34 [main] INFO  c.m.demo.config.server.ConfigServer - Started ConfigServer in 1.906 seconds (JVM running for 2.654)
2022-01-19 12:21:38 [http-nio-8888-exec-1] INFO  o.a.c.c.C.[Tomcat].[localhost].[/] - Initializing Spring DispatcherServlet 'dispatcherServlet'
2022-01-19 12:21:38 [http-nio-8888-exec-1] INFO  o.s.web.servlet.DispatcherServlet - Initializing Servlet 'dispatcherServlet'
2022-01-19 12:21:38 [http-nio-8888-exec-1] INFO  o.s.web.servlet.DispatcherServlet - Completed initialization in 16 ms
2022-01-19 12:22:13 [background-preinit] INFO  o.h.validator.internal.util.Version - HV000001: Hibernate Validator 6.2.0.Final
2022-01-19 12:22:13 [main] INFO  c.m.demo.config.server.ConfigServer - Starting ConfigServer using Java 17.0.1 on Justices-Spectre with PID 7236 (C:\learn\frameworks\spring\microservices-course-1\microservices-demo\config-server\target\classes started by justi in C:\learn\frameworks\spring\microservices-course-1\microservices-demo)
2022-01-19 12:22:13 [main] INFO  c.m.demo.config.server.ConfigServer - The following profiles are active: native
2022-01-19 12:22:13 [main] INFO  o.s.cloud.context.scope.GenericScope - BeanFactory id=68d4adab-16e4-368f-ace7-fb3eef57253d
2022-01-19 12:22:14 [main] INFO  o.s.b.w.e.tomcat.TomcatWebServer - Tomcat initialized with port(s): 8888 (http)
2022-01-19 12:22:14 [main] INFO  o.a.coyote.http11.Http11NioProtocol - Initializing ProtocolHandler ["http-nio-8888"]
2022-01-19 12:22:14 [main] INFO  o.a.catalina.core.StandardService - Starting service [Tomcat]
2022-01-19 12:22:14 [main] INFO  o.a.catalina.core.StandardEngine - Starting Servlet engine: [Apache Tomcat/9.0.56]
2022-01-19 12:22:14 [main] INFO  o.a.c.c.C.[Tomcat].[localhost].[/] - Initializing Spring embedded WebApplicationContext
2022-01-19 12:22:14 [main] INFO  o.s.b.w.s.c.ServletWebServerApplicationContext - Root WebApplicationContext: initialization completed in 977 ms
2022-01-19 12:22:14 [main] INFO  o.a.coyote.http11.Http11NioProtocol - Starting ProtocolHandler ["http-nio-8888"]
2022-01-19 12:22:14 [main] INFO  o.s.b.w.e.tomcat.TomcatWebServer - Tomcat started on port(s): 8888 (http) with context path ''
2022-01-19 12:22:14 [main] INFO  c.m.demo.config.server.ConfigServer - Started ConfigServer in 2.26 seconds (JVM running for 2.917)
2022-01-19 12:22:22 [http-nio-8888-exec-1] INFO  o.a.c.c.C.[Tomcat].[localhost].[/] - Initializing Spring DispatcherServlet 'dispatcherServlet'
2022-01-19 12:22:22 [http-nio-8888-exec-1] INFO  o.s.web.servlet.DispatcherServlet - Initializing Servlet 'dispatcherServlet'
2022-01-19 12:22:22 [http-nio-8888-exec-1] INFO  o.s.web.servlet.DispatcherServlet - Completed initialization in 1 ms
2022-01-19 12:22:23 [http-nio-8888-exec-1] INFO  o.s.c.c.s.e.NativeEnvironmentRepository - Adding property source: Config resource 'class path resource [twitter-to-kafka-service.yml]' via location 'optional:classpath:/'
2022-01-19 12:22:36 [http-nio-8888-exec-2] INFO  o.s.c.c.s.e.NativeEnvironmentRepository - Adding property source: Config resource 'class path resource [twitter-to-kafka-service.yml]' via location 'optional:classpath:/'
2022-01-19 13:52:37 [http-nio-8888-exec-6] INFO  o.s.c.c.s.e.NativeEnvironmentRepository - Adding property source: Config resource 'class path resource [twitter-to-kafka-service.yml]' via location 'optional:classpath:/'
